Starting Nmap 7.80 ( https://nmap.org ) at 2022-05-23 17:28 EDT
NSE: Loaded 151 scripts for scanning.
NSE: Script Pre-scanning.
Initiating NSE at 17:28
Completed NSE at 17:28, 0.00s elapsed
Initiating NSE at 17:28
Completed NSE at 17:28, 0.00s elapsed
Initiating NSE at 17:28
Completed NSE at 17:28, 0.00s elapsed
Initiating Ping Scan at 17:28
Scanning 10.129.18.34 [4 ports]
Completed Ping Scan at 17:28, 0.19s elapsed (1 total hosts)
Initiating Parallel DNS resolution of 1 host. at 17:28
Completed Parallel DNS resolution of 1 host. at 17:28, 0.04s elapsed
Initiating SYN Stealth Scan at 17:28
Scanning 10.129.18.34 [65535 ports]
Discovered open port 80/tcp on 10.129.18.34
SYN Stealth Scan Timing: About 8.80% done; ETC: 17:34 (0:05:21 remaining)
SYN Stealth Scan Timing: About 28.62% done; ETC: 17:32 (0:02:32 remaining)
Discovered open port 5985/tcp on 10.129.18.34
SYN Stealth Scan Timing: About 48.81% done; ETC: 17:31 (0:01:35 remaining)
SYN Stealth Scan Timing: About 69.54% done; ETC: 17:31 (0:00:53 remaining)
Starting Nmap 7.80 ( https://nmap.org ) at 2022-05-23 17:32 EDT
NSE: Loaded 151 scripts for scanning.
NSE: Script Pre-scanning.
Initiating NSE at 17:32
Completed NSE at 17:32, 0.00s elapsed
Initiating NSE at 17:32
Completed NSE at 17:32, 0.00s elapsed
Initiating NSE at 17:32
Completed NSE at 17:32, 0.00s elapsed
Initiating Ping Scan at 17:32
Scanning 10.129.18.34 [4 ports]
Completed Ping Scan at 17:32, 0.20s elapsed (1 total hosts)
Initiating Parallel DNS resolution of 1 host. at 17:32
Completed Parallel DNS resolution of 1 host. at 17:32, 0.04s elapsed
Initiating SYN Stealth Scan at 17:32
Scanning 10.129.18.34 [65535 ports]
Discovered open port 80/tcp on 10.129.18.34
Starting Nmap 7.80 ( https://nmap.org ) at 2022-05-23 17:33 EDT
Initiating Ping Scan at 17:33
Scanning 10.129.18.34 [4 ports]
Completed Ping Scan at 17:33, 0.21s elapsed (1 total hosts)
Initiating Parallel DNS resolution of 1 host. at 17:33
Completed Parallel DNS resolution of 1 host. at 17:34, 0.03s elapsed
Initiating UDP Scan at 17:34
Starting Nmap 7.80 ( https://nmap.org ) at 2022-05-23 18:43 EDT
NSE: Loaded 45 scripts for scanning.
Initiating Ping Scan at 18:43
Scanning 10.129.18.34 [4 ports]
Completed Ping Scan at 18:43, 0.20s elapsed (1 total hosts)
Initiating Parallel DNS resolution of 1 host. at 18:43
Completed Parallel DNS resolution of 1 host. at 18:43, 0.03s elapsed
Initiating SYN Stealth Scan at 18:43
Starting Nmap 7.80 ( https://nmap.org ) at 2022-05-23 18:44 EDT
NSE: Loaded 45 scripts for scanning.
Failed to resolve "disown".
Initiating Ping Scan at 18:44
Scanning 10.129.18.34 [4 ports]
Completed Ping Scan at 18:44, 0.19s elapsed (1 total hosts)
Initiating Parallel DNS resolution of 1 host. at 18:44
Completed Parallel DNS resolution of 1 host. at 18:44, 0.04s elapsed
Failed to resolve "disown".
Initiating SYN Stealth Scan at 18:44
Scanning 10.129.18.34 [49 ports]
Discovered open port 80/tcp on 10.129.18.34
Completed SYN Stealth Scan at 18:44, 5.75s elapsed (49 total ports)
Initiating Service scan at 18:44
Scanning 1 service on 10.129.18.34
Completed Service scan at 18:44, 6.34s elapsed (1 service on 1 host)
Initiating OS detection (try #1) against 10.129.18.34
Retrying OS detection (try #2) against 10.129.18.34
NSE: Script scanning 10.129.18.34.
Initiating NSE at 18:44
Completed NSE at 18:44, 0.71s elapsed
Initiating NSE at 18:44
Completed NSE at 18:44, 0.65s elapsed
Nmap scan report for 10.129.18.34
Host is up (0.16s latency).
Not shown: 48 filtered ports
Some closed ports may be reported as filtered due to --defeat-rst-ratelimit
PORT   STATE SERVICE VERSION
80/tcp open  http    Apache httpd 2.4.52 ((Win64) OpenSSL/1.1.1m PHP/8.1.1)
Warning: OSScan results may be unreliable because we could not find at least 1 open and 1 closed port
Device type: general purpose
Running (JUST GUESSING): Microsoft Windows XP|7 (86%)
OS CPE: cpe:/o:microsoft:windows_xp::sp2 cpe:/o:microsoft:windows_7
Aggressive OS guesses: Microsoft Windows XP SP2 (86%), Microsoft Windows 7 (85%)
No exact OS matches for host (test conditions non-ideal).
TCP Sequence Prediction: Difficulty=259 (Good luck!)
IP ID Sequence Generation: Incremental

Failed to resolve "disown".
Read data files from: /usr/bin/../share/nmap
OS and Service detection performed. Please report any incorrect results at https://nmap.org/submit/ .
Nmap done: 1 IP address (1 host up) scanned in 18.99 seconds
           Raw packets sent: 176 (11.428KB) | Rcvd: 41 (27.980KB)
